0 info it worked if it ends with ok
1 verbose cli [ 'E:\\Programs\\nodejs\\node.exe',
1 verbose cli   'E:\\Programs\\nodejs\\node_modules\\npm\\bin\\npm-cli.js',
1 verbose cli   'run',
1 verbose cli   'dev' ]
2 info using npm@3.10.10
3 info using node@v6.11.2
4 verbose run-script [ 'predev', 'dev', 'postdev' ]
5 info lifecycle AppposCase@1.0.0~predev: AppposCase@1.0.0
6 silly lifecycle AppposCase@1.0.0~predev: no script for predev, continuing
7 info lifecycle AppposCase@1.0.0~dev: AppposCase@1.0.0
8 verbose lifecycle AppposCase@1.0.0~dev: unsafe-perm in lifecycle true
9 verbose lifecycle AppposCase@1.0.0~dev: PATH: E:\Programs\nodejs\node_modules\npm\bin\node-gyp-bin;E:\Сайты\Portfolio\Octane\node_modules\.bin;C:\ProgramData\Oracle\Java\javapath;C:\Program Files (x86)\NVIDIA Corporation\PhysX\Common;C:\Windows\system32;C:\Windows;C:\Windows\System32\Wbem;C:\Windows\System32\WindowsPowerShell\v1.0\;C:\Program Files (x86)\AMD\ATI.ACE\Core-Static;C:\Program Files (x86)\Calibre2\;E:\Programs\nodejs\;E:\Programs\Skype\Phone\;E:\Ruby24-x64\bin;E:\Programs\Microsoft VS Code\bin;C:\Users\User\AppData\Roaming\npm;C:\ProgramData\Microsoft\Windows\Start Menu\Programs\Node.js
10 verbose lifecycle AppposCase@1.0.0~dev: CWD: E:\Сайты\Portfolio\Octane
11 silly lifecycle AppposCase@1.0.0~dev: Args: [ '/d /s /c',
11 silly lifecycle   'concurrently "npm run sass" "npm run autoprefixer"' ]
12 silly lifecycle AppposCase@1.0.0~dev: Returned: code: 1  signal: null
13 info lifecycle AppposCase@1.0.0~dev: Failed to exec dev script
14 verbose stack Error: AppposCase@1.0.0 dev: `concurrently "npm run sass" "npm run autoprefixer"`
14 verbose stack Exit status 1
14 verbose stack     at EventEmitter.<anonymous> (E:\Programs\nodejs\node_modules\npm\lib\utils\lifecycle.js:255:16)
14 verbose stack     at emitTwo (events.js:106:13)
14 verbose stack     at EventEmitter.emit (events.js:191:7)
14 verbose stack     at ChildProcess.<anonymous> (E:\Programs\nodejs\node_modules\npm\lib\utils\spawn.js:40:14)
14 verbose stack     at emitTwo (events.js:106:13)
14 verbose stack     at ChildProcess.emit (events.js:191:7)
14 verbose stack     at maybeClose (internal/child_process.js:891:16)
14 verbose stack     at Process.ChildProcess._handle.onexit (internal/child_process.js:226:5)
15 verbose pkgid AppposCase@1.0.0
16 verbose cwd E:\Сайты\Portfolio\Octane
17 error Windows_NT 6.3.9600
18 error argv "E:\\Programs\\nodejs\\node.exe" "E:\\Programs\\nodejs\\node_modules\\npm\\bin\\npm-cli.js" "run" "dev"
19 error node v6.11.2
20 error npm  v3.10.10
21 error code ELIFECYCLE
22 error AppposCase@1.0.0 dev: `concurrently "npm run sass" "npm run autoprefixer"`
22 error Exit status 1
23 error Failed at the AppposCase@1.0.0 dev script 'concurrently "npm run sass" "npm run autoprefixer"'.
23 error Make sure you have the latest version of node.js and npm installed.
23 error If you do, this is most likely a problem with the AppposCase package,
23 error not with npm itself.
23 error Tell the author that this fails on your system:
23 error     concurrently "npm run sass" "npm run autoprefixer"
23 error You can get information on how to open an issue for this project with:
23 error     npm bugs AppposCase
23 error Or if that isn't available, you can get their info via:
23 error     npm owner ls AppposCase
23 error There is likely additional logging output above.
24 verbose exit [ 1, true ]
